\BOOKMARK [0][-]{Doc-Start}{\376\377\000A\000B\000S\000T\000R\000A\000K}{}% 1
\BOOKMARK [0][-]{Doc-Start}{\376\377\000A\000B\000S\000T\000R\000A\000C\000T}{}% 2
\BOOKMARK [0][-]{Doc-Start}{\376\377\000K\000A\000T\000A\000\040\000P\000E\000N\000G\000A\000N\000T\000A\000R}{}% 3
\BOOKMARK [0][-]{Item.8}{\376\377\000D\000A\000F\000T\000A\000R\000\040\000I\000S\000I}{}% 4
\BOOKMARK [0][-]{chapter*.1}{\376\377\000D\000A\000F\000T\000A\000R\000\040\000G\000A\000M\000B\000A\000R}{}% 5
\BOOKMARK [0][-]{chapter*.2}{\376\377\000D\000A\000F\000T\000A\000R\000\040\000T\000A\000B\000E\000L}{}% 6
\BOOKMARK [0][-]{chapter.1}{\376\377\0001\000\040\000P\000E\000N\000D\000A\000H\000U\000L\000U\000A\000N}{}% 7
\BOOKMARK [1][-]{section.1.1}{\376\377\0001\000.\0001\000\040\000L\000a\000t\000a\000r\000\040\000B\000e\000l\000a\000k\000a\000n\000g}{chapter.1}% 8
\BOOKMARK [1][-]{section.1.2}{\376\377\0001\000.\0002\000\040\000P\000e\000r\000m\000a\000s\000a\000l\000a\000h\000a\000n}{chapter.1}% 9
\BOOKMARK [1][-]{section.1.3}{\376\377\0001\000.\0003\000\040\000T\000u\000j\000u\000a\000n}{chapter.1}% 10
\BOOKMARK [1][-]{section.1.4}{\376\377\0001\000.\0004\000\040\000B\000a\000t\000a\000s\000a\000n\000\040\000M\000a\000s\000a\000l\000a\000h}{chapter.1}% 11
\BOOKMARK [1][-]{section.1.5}{\376\377\0001\000.\0005\000\040\000S\000i\000s\000t\000e\000m\000a\000t\000i\000k\000a\000\040\000P\000e\000n\000u\000l\000i\000s\000a\000n}{chapter.1}% 12
\BOOKMARK [0][-]{chapter.2}{\376\377\0002\000\040\000T\000I\000N\000J\000A\000U\000A\000N\000\040\000P\000U\000S\000T\000A\000K\000A}{}% 13
\BOOKMARK [1][-]{section.2.1}{\376\377\0002\000.\0001\000\040\000C\000o\000n\000v\000o\000l\000u\000t\000i\000o\000n\000a\000l\000\040\000N\000e\000u\000r\000a\000l\000\040\000N\000e\000t\000w\000o\000r\000k\000\040\000\050\000C\000N\000N\000\051}{chapter.2}% 14
\BOOKMARK [2][-]{subsection.2.1.1}{\376\377\0002\000.\0001\000.\0001\000\040\000F\000e\000a\000t\000u\000r\000e\000\040\000L\000e\000a\000r\000n\000i\000n\000g}{section.2.1}% 15
\BOOKMARK [2][-]{subsection.2.1.2}{\376\377\0002\000.\0001\000.\0002\000\040\000C\000l\000a\000s\000s\000i\000f\000i\000c\000a\000t\000i\000o\000n}{section.2.1}% 16
\BOOKMARK [1][-]{section.2.2}{\376\377\0002\000.\0002\000\040\000E\000f\000f\000i\000c\000i\000e\000n\000t\000N\000e\000t}{chapter.2}% 17
\BOOKMARK [2][-]{subsection.2.2.1}{\376\377\0002\000.\0002\000.\0001\000\040\000A\000r\000s\000i\000t\000e\000k\000t\000u\000r\000\040\000E\000f\000f\000i\000c\000i\000e\000n\000t\000N\000e\000t}{section.2.2}% 18
\BOOKMARK [2][-]{subsection.2.2.2}{\376\377\0002\000.\0002\000.\0002\000\040\000C\000o\000m\000p\000o\000u\000n\000d\000\040\000S\000c\000a\000l\000i\000n\000g}{section.2.2}% 19
\BOOKMARK [2][-]{subsection.2.2.3}{\376\377\0002\000.\0002\000.\0003\000\040\000P\000e\000r\000f\000o\000r\000m\000a\000\040\000E\000f\000f\000i\000c\000i\000e\000n\000t\000N\000e\000t}{section.2.2}% 20
\BOOKMARK [0][-]{chapter.3}{\376\377\0003\000\040\000D\000E\000S\000A\000I\000N\000\040\000D\000A\000N\000\040\000I\000M\000P\000L\000E\000M\000E\000N\000T\000A\000S\000I}{}% 21
\BOOKMARK [1][-]{section.3.1}{\376\377\0003\000.\0001\000\040\000D\000e\000s\000a\000i\000n\000\040\000S\000i\000s\000t\000e\000m}{chapter.3}% 22
\BOOKMARK [1][-]{section.3.2}{\376\377\0003\000.\0002\000\040\000A\000l\000u\000r\000\040\000K\000e\000r\000j\000a}{chapter.3}% 23
\BOOKMARK [2][-]{subsection.3.2.1}{\376\377\0003\000.\0002\000.\0001\000\040\000P\000e\000n\000g\000u\000m\000p\000u\000l\000a\000n\000\040\000D\000a\000t\000a\000s\000e\000t}{section.3.2}% 24
\BOOKMARK [2][-]{subsection.3.2.2}{\376\377\0003\000.\0002\000.\0002\000\040\000P\000e\000n\000g\000o\000l\000a\000h\000a\000n\000\040\000D\000a\000t\000a\000s\000e\000t}{section.3.2}% 25
\BOOKMARK [2][-]{subsection.3.2.3}{\376\377\0003\000.\0002\000.\0003\000\040\000T\000r\000a\000i\000n\000i\000n\000g}{section.3.2}% 26
\BOOKMARK [0][-]{chapter.4}{\376\377\0004\000\040\000P\000E\000N\000G\000U\000J\000I\000A\000N\000\040\000D\000A\000N\000\040\000A\000N\000A\000L\000I\000S\000I\000S}{}% 27
\BOOKMARK [1][-]{section.4.1}{\376\377\0004\000.\0001\000\040\000S\000k\000e\000n\000a\000r\000i\000o\000\040\000P\000e\000n\000g\000u\000j\000i\000a\000n}{chapter.4}% 28
\BOOKMARK [1][-]{section.4.2}{\376\377\0004\000.\0002\000\040\000E\000v\000a\000l\000u\000a\000s\000i\000\040\000P\000e\000n\000g\000u\000j\000i\000a\000n}{chapter.4}% 29
\BOOKMARK [0][-]{chapter.5}{\376\377\0005\000\040\000P\000E\000N\000U\000T\000U\000P}{}% 30
\BOOKMARK [1][-]{section.5.1}{\376\377\0005\000.\0001\000\040\000K\000e\000s\000i\000m\000p\000u\000l\000a\000n}{chapter.5}% 31
\BOOKMARK [1][-]{section.5.2}{\376\377\0005\000.\0002\000\040\000S\000a\000r\000a\000n}{chapter.5}% 32
\BOOKMARK [0][-]{Item.38}{\376\377\000D\000A\000F\000T\000A\000R\000\040\000P\000U\000S\000T\000A\000K\000A}{}% 33
\BOOKMARK [0][-]{chapter*.4}{\376\377\000B\000I\000O\000G\000R\000A\000F\000I\000\040\000P\000E\000N\000U\000L\000I\000S}{}% 34
